[0509/215035.465:WARNING:CONSOLE(3124)] "document.registerElement is deprecated and will be removed in M73, around March 2019. Please use window.customElements.define instead. See https://www.chromestatus.com/features/4642138092470272 for more details.", source: chrome-devtools://devtools/shell.js (3124)
[0509/215035.711:WARNING:CONSOLE(3082)] "Element.createShadowRoot is deprecated and will be removed in M73, around March 2019. Please use Element.attachShadow instead. See https://www.chromestatus.com/features/4507242028072960 for more details.", source: chrome-devtools://devtools/shell.js (3082)
[0509/215035.926:ERROR:shader_disk_cache.cc(257)] Failed to create shader cache entry: -2
[0509/215035.926:ERROR:shader_disk_cache.cc(257)] Failed to create shader cache entry: -2
[0512/155540.371:INFO:CONSOLE(1)] "Uncaught ReferenceError: setPlaylists is not defined", source: about:blank (1)
[0512/155541.289:ERROR:shader_disk_cache.cc(257)] Failed to create shader cache entry: -2
[0512/155541.403:ERROR:shader_disk_cache.cc(257)] Failed to create shader cache entry: -2
[0512/155551.681:ERROR:broker_win.cc(55)] Error reading broker pipe: The pipe has been ended. (0x6D)
[0512/155637.377:INFO:CONSOLE(1)] "Uncaught ReferenceError: setPlaylists is not defined", source: about:blank (1)
[0512/155637.549:ERROR:shader_disk_cache.cc(257)] Failed to create shader cache entry: -2
[0512/155743.733:INFO:CONSOLE(1)] "Uncaught ReferenceError: setplaylists is not defined", source: about:blank (1)
[0512/155744.159:WARNING:url_request_job_manager.cc(91)] Failed to map: chrome-devtools://devtools/product_registry_impl/product_registry_impl_module.js
[0512/155744.226:ERROR:CONSOLE(24)] "Empty response arrived for script 'chrome-devtools://devtools/product_registry_impl/product_registry_impl_module.js'", source: chrome-devtools://devtools/shell.js (24)
[0512/155744.227:ERROR:CONSOLE(108)] "Uncaught (in promise) Error: Could not instantiate: ProductRegistryImpl.Registry", source: chrome-devtools://devtools/shell.js (108)
[0512/155744.227:ERROR:CONSOLE(108)] "Uncaught (in promise) Error: Could not instantiate: ProductRegistryImpl.Registry", source: chrome-devtools://devtools/shell.js (108)
[0512/155744.227:ERROR:CONSOLE(108)] "Uncaught (in promise) Error: Could not instantiate: ProductRegistryImpl.Registry", source: chrome-devtools://devtools/shell.js (108)
[0512/160314.949:INFO:CONSOLE(118)] "list: ", source: file:///C:/Users/onnov/Documents/AA_Sorted/Git/Spotify%20Playlist%20Duplicate%20Checker/Spot%20Dub%20Checker%20UI/bin/html/ (118)
[0512/160319.436:ERROR:shader_disk_cache.cc(257)] Failed to create shader cache entry: -2
[0512/160533.735:INFO:CONSOLE(118)] "list: ", source: file:///C:/Users/onnov/Documents/AA_Sorted/Git/Spotify%20Playlist%20Duplicate%20Checker/Spot%20Dub%20Checker%20UI/bin/html/ (118)
[0512/160533.750:INFO:CONSOLE(119)] "Uncaught TypeError: list.forEach is not a function", source: file:///C:/Users/onnov/Documents/AA_Sorted/Git/Spotify%20Playlist%20Duplicate%20Checker/Spot%20Dub%20Checker%20UI/bin/html/ (119)
[0512/160850.214:INFO:CONSOLE(118)] "list: ", source: file:///C:/Users/onnov/Documents/AA_Sorted/Git/Spotify%20Playlist%20Duplicate%20Checker/Spot%20Dub%20Checker%20UI/bin/html/ (118)
[0512/160850.214:INFO:CONSOLE(119)] "Uncaught TypeError: list.forEach is not a function", source: file:///C:/Users/onnov/Documents/AA_Sorted/Git/Spotify%20Playlist%20Duplicate%20Checker/Spot%20Dub%20Checker%20UI/bin/html/ (119)
[0512/161512.489:INFO:CONSOLE(118)] "list: ", source: file:///C:/Users/onnov/Documents/AA_Sorted/Git/Spotify%20Playlist%20Duplicate%20Checker/Spot%20Dub%20Checker%20UI/bin/html/ (118)
[0512/161512.489:INFO:CONSOLE(119)] "Uncaught TypeError: list.forEach is not a function", source: file:///C:/Users/onnov/Documents/AA_Sorted/Git/Spotify%20Playlist%20Duplicate%20Checker/Spot%20Dub%20Checker%20UI/bin/html/ (119)
[0512/161532.901:INFO:CONSOLE(118)] "list: ", source: file:///C:/Users/onnov/Documents/AA_Sorted/Git/Spotify%20Playlist%20Duplicate%20Checker/Spot%20Dub%20Checker%20UI/bin/html/ (118)
[0512/161532.902:INFO:CONSOLE(119)] "Uncaught TypeError: list.forEach is not a function", source: file:///C:/Users/onnov/Documents/AA_Sorted/Git/Spotify%20Playlist%20Duplicate%20Checker/Spot%20Dub%20Checker%20UI/bin/html/ (119)
[0512/161627.731:INFO:CONSOLE(119)] "list: ", source: file:///C:/Users/onnov/Documents/AA_Sorted/Git/Spotify%20Playlist%20Duplicate%20Checker/Spot%20Dub%20Checker%20UI/bin/html/ (119)
[0512/161627.731:INFO:CONSOLE(121)] "Listitem:", source: file:///C:/Users/onnov/Documents/AA_Sorted/Git/Spotify%20Playlist%20Duplicate%20Checker/Spot%20Dub%20Checker%20UI/bin/html/ (121)
[0512/161627.731:INFO:CONSOLE(121)] "Listitem:", source: file:///C:/Users/onnov/Documents/AA_Sorted/Git/Spotify%20Playlist%20Duplicate%20Checker/Spot%20Dub%20Checker%20UI/bin/html/ (121)
[0512/161627.732:INFO:CONSOLE(121)] "Listitem:", source: file:///C:/Users/onnov/Documents/AA_Sorted/Git/Spotify%20Playlist%20Duplicate%20Checker/Spot%20Dub%20Checker%20UI/bin/html/ (121)
[0512/161627.732:INFO:CONSOLE(121)] "Listitem:", source: file:///C:/Users/onnov/Documents/AA_Sorted/Git/Spotify%20Playlist%20Duplicate%20Checker/Spot%20Dub%20Checker%20UI/bin/html/ (121)
[0512/161627.734:INFO:CONSOLE(121)] "Listitem:", source: file:///C:/Users/onnov/Documents/AA_Sorted/Git/Spotify%20Playlist%20Duplicate%20Checker/Spot%20Dub%20Checker%20UI/bin/html/ (121)
[0512/161627.734:INFO:CONSOLE(121)] "Listitem:", source: file:///C:/Users/onnov/Documents/AA_Sorted/Git/Spotify%20Playlist%20Duplicate%20Checker/Spot%20Dub%20Checker%20UI/bin/html/ (121)
[0512/161627.735:INFO:CONSOLE(121)] "Listitem:", source: file:///C:/Users/onnov/Documents/AA_Sorted/Git/Spotify%20Playlist%20Duplicate%20Checker/Spot%20Dub%20Checker%20UI/bin/html/ (121)
[0512/161627.735:INFO:CONSOLE(121)] "Listitem:", source: file:///C:/Users/onnov/Documents/AA_Sorted/Git/Spotify%20Playlist%20Duplicate%20Checker/Spot%20Dub%20Checker%20UI/bin/html/ (121)
[0512/161627.735:INFO:CONSOLE(121)] "Listitem:", source: file:///C:/Users/onnov/Documents/AA_Sorted/Git/Spotify%20Playlist%20Duplicate%20Checker/Spot%20Dub%20Checker%20UI/bin/html/ (121)
[0512/161627.736:INFO:CONSOLE(121)] "Listitem:", source: file:///C:/Users/onnov/Documents/AA_Sorted/Git/Spotify%20Playlist%20Duplicate%20Checker/Spot%20Dub%20Checker%20UI/bin/html/ (121)
[0512/161627.736:INFO:CONSOLE(121)] "Listitem:", source: file:///C:/Users/onnov/Documents/AA_Sorted/Git/Spotify%20Playlist%20Duplicate%20Checker/Spot%20Dub%20Checker%20UI/bin/html/ (121)
[0512/161627.737:INFO:CONSOLE(121)] "Listitem:", source: file:///C:/Users/onnov/Documents/AA_Sorted/Git/Spotify%20Playlist%20Duplicate%20Checker/Spot%20Dub%20Checker%20UI/bin/html/ (121)
[0512/161627.737:INFO:CONSOLE(121)] "Listitem:", source: file:///C:/Users/onnov/Documents/AA_Sorted/Git/Spotify%20Playlist%20Duplicate%20Checker/Spot%20Dub%20Checker%20UI/bin/html/ (121)
[0512/161627.737:INFO:CONSOLE(121)] "Listitem:", source: file:///C:/Users/onnov/Documents/AA_Sorted/Git/Spotify%20Playlist%20Duplicate%20Checker/Spot%20Dub%20Checker%20UI/bin/html/ (121)
[0512/161627.738:INFO:CONSOLE(121)] "Listitem:", source: file:///C:/Users/onnov/Documents/AA_Sorted/Git/Spotify%20Playlist%20Duplicate%20Checker/Spot%20Dub%20Checker%20UI/bin/html/ (121)
[0512/161627.738:INFO:CONSOLE(121)] "Listitem:", source: file:///C:/Users/onnov/Documents/AA_Sorted/Git/Spotify%20Playlist%20Duplicate%20Checker/Spot%20Dub%20Checker%20UI/bin/html/ (121)
[0512/161627.738:INFO:CONSOLE(121)] "Listitem:", source: file:///C:/Users/onnov/Documents/AA_Sorted/Git/Spotify%20Playlist%20Duplicate%20Checker/Spot%20Dub%20Checker%20UI/bin/html/ (121)
[0512/161627.739:INFO:CONSOLE(121)] "Listitem:", source: file:///C:/Users/onnov/Documents/AA_Sorted/Git/Spotify%20Playlist%20Duplicate%20Checker/Spot%20Dub%20Checker%20UI/bin/html/ (121)
[0512/161627.740:INFO:CONSOLE(121)] "Listitem:", source: file:///C:/Users/onnov/Documents/AA_Sorted/Git/Spotify%20Playlist%20Duplicate%20Checker/Spot%20Dub%20Checker%20UI/bin/html/ (121)
[0512/161627.740:INFO:CONSOLE(121)] "Listitem:", source: file:///C:/Users/onnov/Documents/AA_Sorted/Git/Spotify%20Playlist%20Duplicate%20Checker/Spot%20Dub%20Checker%20UI/bin/html/ (121)
[0512/161834.379:INFO:CONSOLE(119)] "list: ", source: file:///C:/Users/onnov/Documents/AA_Sorted/Git/Spotify%20Playlist%20Duplicate%20Checker/Spot%20Dub%20Checker%20UI/bin/html/ (119)
[0512/161834.382:INFO:CONSOLE(121)] "Listitem:", source: file:///C:/Users/onnov/Documents/AA_Sorted/Git/Spotify%20Playlist%20Duplicate%20Checker/Spot%20Dub%20Checker%20UI/bin/html/ (121)
[0512/161834.382:INFO:CONSOLE(121)] "Listitem:", source: file:///C:/Users/onnov/Documents/AA_Sorted/Git/Spotify%20Playlist%20Duplicate%20Checker/Spot%20Dub%20Checker%20UI/bin/html/ (121)
[0512/161834.383:INFO:CONSOLE(121)] "Listitem:", source: file:///C:/Users/onnov/Documents/AA_Sorted/Git/Spotify%20Playlist%20Duplicate%20Checker/Spot%20Dub%20Checker%20UI/bin/html/ (121)
[0512/161834.383:INFO:CONSOLE(121)] "Listitem:", source: file:///C:/Users/onnov/Documents/AA_Sorted/Git/Spotify%20Playlist%20Duplicate%20Checker/Spot%20Dub%20Checker%20UI/bin/html/ (121)
[0512/161834.383:INFO:CONSOLE(121)] "Listitem:", source: file:///C:/Users/onnov/Documents/AA_Sorted/Git/Spotify%20Playlist%20Duplicate%20Checker/Spot%20Dub%20Checker%20UI/bin/html/ (121)
[0512/161834.383:INFO:CONSOLE(121)] "Listitem:", source: file:///C:/Users/onnov/Documents/AA_Sorted/Git/Spotify%20Playlist%20Duplicate%20Checker/Spot%20Dub%20Checker%20UI/bin/html/ (121)
[0512/161834.383:INFO:CONSOLE(121)] "Listitem:", source: file:///C:/Users/onnov/Documents/AA_Sorted/Git/Spotify%20Playlist%20Duplicate%20Checker/Spot%20Dub%20Checker%20UI/bin/html/ (121)
[0512/161834.383:INFO:CONSOLE(121)] "Listitem:", source: file:///C:/Users/onnov/Documents/AA_Sorted/Git/Spotify%20Playlist%20Duplicate%20Checker/Spot%20Dub%20Checker%20UI/bin/html/ (121)
[0512/161834.384:INFO:CONSOLE(121)] "Listitem:", source: file:///C:/Users/onnov/Documents/AA_Sorted/Git/Spotify%20Playlist%20Duplicate%20Checker/Spot%20Dub%20Checker%20UI/bin/html/ (121)
[0512/161834.384:INFO:CONSOLE(121)] "Listitem:", source: file:///C:/Users/onnov/Documents/AA_Sorted/Git/Spotify%20Playlist%20Duplicate%20Checker/Spot%20Dub%20Checker%20UI/bin/html/ (121)
[0512/161834.385:INFO:CONSOLE(121)] "Listitem:", source: file:///C:/Users/onnov/Documents/AA_Sorted/Git/Spotify%20Playlist%20Duplicate%20Checker/Spot%20Dub%20Checker%20UI/bin/html/ (121)
[0512/161834.385:INFO:CONSOLE(121)] "Listitem:", source: file:///C:/Users/onnov/Documents/AA_Sorted/Git/Spotify%20Playlist%20Duplicate%20Checker/Spot%20Dub%20Checker%20UI/bin/html/ (121)
[0512/161834.385:INFO:CONSOLE(121)] "Listitem:", source: file:///C:/Users/onnov/Documents/AA_Sorted/Git/Spotify%20Playlist%20Duplicate%20Checker/Spot%20Dub%20Checker%20UI/bin/html/ (121)
[0512/161834.385:INFO:CONSOLE(121)] "Listitem:", source: file:///C:/Users/onnov/Documents/AA_Sorted/Git/Spotify%20Playlist%20Duplicate%20Checker/Spot%20Dub%20Checker%20UI/bin/html/ (121)
[0512/161834.385:INFO:CONSOLE(121)] "Listitem:", source: file:///C:/Users/onnov/Documents/AA_Sorted/Git/Spotify%20Playlist%20Duplicate%20Checker/Spot%20Dub%20Checker%20UI/bin/html/ (121)
[0512/161834.385:INFO:CONSOLE(121)] "Listitem:", source: file:///C:/Users/onnov/Documents/AA_Sorted/Git/Spotify%20Playlist%20Duplicate%20Checker/Spot%20Dub%20Checker%20UI/bin/html/ (121)
[0512/161834.386:INFO:CONSOLE(121)] "Listitem:", source: file:///C:/Users/onnov/Documents/AA_Sorted/Git/Spotify%20Playlist%20Duplicate%20Checker/Spot%20Dub%20Checker%20UI/bin/html/ (121)
[0512/161834.386:INFO:CONSOLE(121)] "Listitem:", source: file:///C:/Users/onnov/Documents/AA_Sorted/Git/Spotify%20Playlist%20Duplicate%20Checker/Spot%20Dub%20Checker%20UI/bin/html/ (121)
[0512/161834.386:INFO:CONSOLE(121)] "Listitem:", source: file:///C:/Users/onnov/Documents/AA_Sorted/Git/Spotify%20Playlist%20Duplicate%20Checker/Spot%20Dub%20Checker%20UI/bin/html/ (121)
[0512/161834.387:INFO:CONSOLE(121)] "Listitem:", source: file:///C:/Users/onnov/Documents/AA_Sorted/Git/Spotify%20Playlist%20Duplicate%20Checker/Spot%20Dub%20Checker%20UI/bin/html/ (121)
[0512/161932.425:INFO:CONSOLE(119)] "list: ", source: file:///C:/Users/onnov/Documents/AA_Sorted/Git/Spotify%20Playlist%20Duplicate%20Checker/Spot%20Dub%20Checker%20UI/bin/html/ (119)
[0512/161932.426:INFO:CONSOLE(121)] "Listitem:", source: file:///C:/Users/onnov/Documents/AA_Sorted/Git/Spotify%20Playlist%20Duplicate%20Checker/Spot%20Dub%20Checker%20UI/bin/html/ (121)
[0512/161932.426:INFO:CONSOLE(121)] "Listitem:", source: file:///C:/Users/onnov/Documents/AA_Sorted/Git/Spotify%20Playlist%20Duplicate%20Checker/Spot%20Dub%20Checker%20UI/bin/html/ (121)
[0512/161932.427:INFO:CONSOLE(121)] "Listitem:", source: file:///C:/Users/onnov/Documents/AA_Sorted/Git/Spotify%20Playlist%20Duplicate%20Checker/Spot%20Dub%20Checker%20UI/bin/html/ (121)
[0512/161932.427:INFO:CONSOLE(121)] "Listitem:", source: file:///C:/Users/onnov/Documents/AA_Sorted/Git/Spotify%20Playlist%20Duplicate%20Checker/Spot%20Dub%20Checker%20UI/bin/html/ (121)
[0512/161932.427:INFO:CONSOLE(121)] "Listitem:", source: file:///C:/Users/onnov/Documents/AA_Sorted/Git/Spotify%20Playlist%20Duplicate%20Checker/Spot%20Dub%20Checker%20UI/bin/html/ (121)
[0512/161932.428:INFO:CONSOLE(121)] "Listitem:", source: file:///C:/Users/onnov/Documents/AA_Sorted/Git/Spotify%20Playlist%20Duplicate%20Checker/Spot%20Dub%20Checker%20UI/bin/html/ (121)
[0512/161932.428:INFO:CONSOLE(121)] "Listitem:", source: file:///C:/Users/onnov/Documents/AA_Sorted/Git/Spotify%20Playlist%20Duplicate%20Checker/Spot%20Dub%20Checker%20UI/bin/html/ (121)
[0512/161932.428:INFO:CONSOLE(121)] "Listitem:", source: file:///C:/Users/onnov/Documents/AA_Sorted/Git/Spotify%20Playlist%20Duplicate%20Checker/Spot%20Dub%20Checker%20UI/bin/html/ (121)
[0512/161932.429:INFO:CONSOLE(121)] "Listitem:", source: file:///C:/Users/onnov/Documents/AA_Sorted/Git/Spotify%20Playlist%20Duplicate%20Checker/Spot%20Dub%20Checker%20UI/bin/html/ (121)
[0512/161932.429:INFO:CONSOLE(121)] "Listitem:", source: file:///C:/Users/onnov/Documents/AA_Sorted/Git/Spotify%20Playlist%20Duplicate%20Checker/Spot%20Dub%20Checker%20UI/bin/html/ (121)
[0512/161932.430:INFO:CONSOLE(121)] "Listitem:", source: file:///C:/Users/onnov/Documents/AA_Sorted/Git/Spotify%20Playlist%20Duplicate%20Checker/Spot%20Dub%20Checker%20UI/bin/html/ (121)
[0512/161932.430:INFO:CONSOLE(121)] "Listitem:", source: file:///C:/Users/onnov/Documents/AA_Sorted/Git/Spotify%20Playlist%20Duplicate%20Checker/Spot%20Dub%20Checker%20UI/bin/html/ (121)
[0512/161932.431:INFO:CONSOLE(121)] "Listitem:", source: file:///C:/Users/onnov/Documents/AA_Sorted/Git/Spotify%20Playlist%20Duplicate%20Checker/Spot%20Dub%20Checker%20UI/bin/html/ (121)
[0512/161932.431:INFO:CONSOLE(121)] "Listitem:", source: file:///C:/Users/onnov/Documents/AA_Sorted/Git/Spotify%20Playlist%20Duplicate%20Checker/Spot%20Dub%20Checker%20UI/bin/html/ (121)
[0512/161932.431:INFO:CONSOLE(121)] "Listitem:", source: file:///C:/Users/onnov/Documents/AA_Sorted/Git/Spotify%20Playlist%20Duplicate%20Checker/Spot%20Dub%20Checker%20UI/bin/html/ (121)
[0512/161932.431:INFO:CONSOLE(121)] "Listitem:", source: file:///C:/Users/onnov/Documents/AA_Sorted/Git/Spotify%20Playlist%20Duplicate%20Checker/Spot%20Dub%20Checker%20UI/bin/html/ (121)
[0512/161932.432:INFO:CONSOLE(121)] "Listitem:", source: file:///C:/Users/onnov/Documents/AA_Sorted/Git/Spotify%20Playlist%20Duplicate%20Checker/Spot%20Dub%20Checker%20UI/bin/html/ (121)
[0512/161932.432:INFO:CONSOLE(121)] "Listitem:", source: file:///C:/Users/onnov/Documents/AA_Sorted/Git/Spotify%20Playlist%20Duplicate%20Checker/Spot%20Dub%20Checker%20UI/bin/html/ (121)
[0512/161932.433:INFO:CONSOLE(121)] "Listitem:", source: file:///C:/Users/onnov/Documents/AA_Sorted/Git/Spotify%20Playlist%20Duplicate%20Checker/Spot%20Dub%20Checker%20UI/bin/html/ (121)
[0512/161932.433:INFO:CONSOLE(121)] "Listitem:", source: file:///C:/Users/onnov/Documents/AA_Sorted/Git/Spotify%20Playlist%20Duplicate%20Checker/Spot%20Dub%20Checker%20UI/bin/html/ (121)
[0512/163247.547:INFO:CONSOLE(119)] "list: ", source: file:///C:/Users/onnov/Documents/AA_Sorted/Git/Spotify%20Playlist%20Duplicate%20Checker/Spot%20Dub%20Checker%20UI/bin/html/ (119)
[0512/163254.411:INFO:CONSOLE(1)] "Uncaught SyntaxError: Invalid or unexpected token", source: file:///C:/Users/onnov/Documents/AA_Sorted/Git/Spotify%20Playlist%20Duplicate%20Checker/Spot%20Dub%20Checker%20UI/bin/html/ (1)
[0512/163258.715:INFO:CONSOLE(1)] "Uncaught SyntaxError: Invalid or unexpected token", source: file:///C:/Users/onnov/Documents/AA_Sorted/Git/Spotify%20Playlist%20Duplicate%20Checker/Spot%20Dub%20Checker%20UI/bin/html/ (1)
[0512/163259.731:INFO:CONSOLE(1)] "Uncaught SyntaxError: Invalid or unexpected token", source: file:///C:/Users/onnov/Documents/AA_Sorted/Git/Spotify%20Playlist%20Duplicate%20Checker/Spot%20Dub%20Checker%20UI/bin/html/ (1)
[0512/163300.102:INFO:CONSOLE(1)] "Uncaught SyntaxError: Invalid or unexpected token", source: file:///C:/Users/onnov/Documents/AA_Sorted/Git/Spotify%20Playlist%20Duplicate%20Checker/Spot%20Dub%20Checker%20UI/bin/html/ (1)
[0512/163300.491:INFO:CONSOLE(1)] "Uncaught SyntaxError: Invalid or unexpected token", source: file:///C:/Users/onnov/Documents/AA_Sorted/Git/Spotify%20Playlist%20Duplicate%20Checker/Spot%20Dub%20Checker%20UI/bin/html/ (1)
[0512/163300.859:INFO:CONSOLE(1)] "Uncaught SyntaxError: Invalid or unexpected token", source: file:///C:/Users/onnov/Documents/AA_Sorted/Git/Spotify%20Playlist%20Duplicate%20Checker/Spot%20Dub%20Checker%20UI/bin/html/ (1)
[0512/163335.430:WARNING:url_request_job_manager.cc(91)] Failed to map: chrome-devtools://devtools/product_registry_impl/product_registry_impl_module.js
[0512/163335.484:ERROR:CONSOLE(24)] "Empty response arrived for script 'chrome-devtools://devtools/product_registry_impl/product_registry_impl_module.js'", source: chrome-devtools://devtools/shell.js (24)
[0512/163335.498:ERROR:CONSOLE(108)] "Uncaught (in promise) Error: Could not instantiate: ProductRegistryImpl.Registry", source: chrome-devtools://devtools/shell.js (108)
[0512/163335.499:ERROR:CONSOLE(108)] "Uncaught (in promise) Error: Could not instantiate: ProductRegistryImpl.Registry", source: chrome-devtools://devtools/shell.js (108)
[0512/163335.499:ERROR:CONSOLE(108)] "Uncaught (in promise) Error: Could not instantiate: ProductRegistryImpl.Registry", source: chrome-devtools://devtools/shell.js (108)
[0512/163335.695:INFO:CONSOLE(119)] "list: ", source: file:///C:/Users/onnov/Documents/AA_Sorted/Git/Spotify%20Playlist%20Duplicate%20Checker/Spot%20Dub%20Checker%20UI/bin/html/ (119)
[0512/163340.494:INFO:CONSOLE(119)] "list: ", source: file:///C:/Users/onnov/Documents/AA_Sorted/Git/Spotify%20Playlist%20Duplicate%20Checker/Spot%20Dub%20Checker%20UI/bin/html/ (119)
[0512/163341.485:INFO:CONSOLE(119)] "list: ", source: file:///C:/Users/onnov/Documents/AA_Sorted/Git/Spotify%20Playlist%20Duplicate%20Checker/Spot%20Dub%20Checker%20UI/bin/html/ (119)
[0512/163342.461:INFO:CONSOLE(119)] "list: ", source: file:///C:/Users/onnov/Documents/AA_Sorted/Git/Spotify%20Playlist%20Duplicate%20Checker/Spot%20Dub%20Checker%20UI/bin/html/ (119)
[0512/163342.760:INFO:CONSOLE(119)] "list: ", source: file:///C:/Users/onnov/Documents/AA_Sorted/Git/Spotify%20Playlist%20Duplicate%20Checker/Spot%20Dub%20Checker%20UI/bin/html/ (119)
[0512/163343.042:INFO:CONSOLE(119)] "list: ", source: file:///C:/Users/onnov/Documents/AA_Sorted/Git/Spotify%20Playlist%20Duplicate%20Checker/Spot%20Dub%20Checker%20UI/bin/html/ (119)
[0512/163343.351:INFO:CONSOLE(119)] "list: ", source: file:///C:/Users/onnov/Documents/AA_Sorted/Git/Spotify%20Playlist%20Duplicate%20Checker/Spot%20Dub%20Checker%20UI/bin/html/ (119)
[0512/163350.086:INFO:CONSOLE(119)] "list: ", source: file:///C:/Users/onnov/Documents/AA_Sorted/Git/Spotify%20Playlist%20Duplicate%20Checker/Spot%20Dub%20Checker%20UI/bin/html/ (119)
[0512/163358.158:INFO:CONSOLE(130)] "list: ", source: file:///C:/Users/onnov/Documents/AA_Sorted/Git/Spotify%20Playlist%20Duplicate%20Checker/Spot%20Dub%20Checker%20UI/bin/html/ (130)
[0512/163438.613:ERROR:broker_win.cc(55)] Error reading broker pipe: The pipe has been ended. (0x6D)
[0512/163543.354:INFO:CONSOLE(119)] "list: ", source: file:///C:/Users/onnov/Documents/AA_Sorted/Git/Spotify%20Playlist%20Duplicate%20Checker/Spot%20Dub%20Checker%20UI/bin/html/ (119)
[0512/163700.932:INFO:CONSOLE(119)] "list: ", source: file:///C:/Users/onnov/Documents/AA_Sorted/Git/Spotify%20Playlist%20Duplicate%20Checker/Spot%20Dub%20Checker%20UI/bin/html/ (119)
[0512/165535.826:INFO:CONSOLE(119)] "list: ", source: file:///C:/Users/onnov/Documents/AA_Sorted/Git/Spotify%20Playlist%20Duplicate%20Checker/Spot%20Dub%20Checker%20UI/bin/html/ (119)
[0512/165551.443:ERROR:broker_win.cc(55)] Error reading broker pipe: The pipe has been ended. (0x6D)
[0512/165821.466:INFO:CONSOLE(119)] "list: ", source: file:///C:/Users/onnov/Documents/AA_Sorted/Git/Spotify%20Playlist%20Duplicate%20Checker/Spot%20Dub%20Checker%20UI/bin/html/ (119)
[0512/165922.668:INFO:CONSOLE(119)] "list: ", source: file:///C:/Users/onnov/Documents/AA_Sorted/Git/Spotify%20Playlist%20Duplicate%20Checker/Spot%20Dub%20Checker%20UI/bin/html/ (119)
[0512/165929.265:INFO:CONSOLE(130)] "list: ", source: file:///C:/Users/onnov/Documents/AA_Sorted/Git/Spotify%20Playlist%20Duplicate%20Checker/Spot%20Dub%20Checker%20UI/bin/html/ (130)
[0512/171036.831:INFO:CONSOLE(141)] "Uncaught SyntaxError: missing ) after argument list", source: file:///C:/Users/onnov/Documents/AA_Sorted/Git/Spotify%20Playlist%20Duplicate%20Checker/Spot%20Dub%20Checker%20UI/bin/html/ (141)
[0512/171113.086:INFO:CONSOLE(150)] "Uncaught SyntaxError: missing ) after argument list", source: file:///C:/Users/onnov/Documents/AA_Sorted/Git/Spotify%20Playlist%20Duplicate%20Checker/Spot%20Dub%20Checker%20UI/bin/html/ (150)
[0512/171130.311:INFO:CONSOLE(119)] "list: ", source: file:///C:/Users/onnov/Documents/AA_Sorted/Git/Spotify%20Playlist%20Duplicate%20Checker/Spot%20Dub%20Checker%20UI/bin/html/ (119)
[0512/171139.097:INFO:CONSOLE(130)] "list: ", source: file:///C:/Users/onnov/Documents/AA_Sorted/Git/Spotify%20Playlist%20Duplicate%20Checker/Spot%20Dub%20Checker%20UI/bin/html/ (130)
[0512/171139.099:INFO:CONSOLE(155)] "Uncaught TypeError: Cannot read property 'forEach' of undefined", source: file:///C:/Users/onnov/Documents/AA_Sorted/Git/Spotify%20Playlist%20Duplicate%20Checker/Spot%20Dub%20Checker%20UI/bin/html/ (155)
[0512/171256.855:INFO:CONSOLE(119)] "list: ", source: file:///C:/Users/onnov/Documents/AA_Sorted/Git/Spotify%20Playlist%20Duplicate%20Checker/Spot%20Dub%20Checker%20UI/bin/html/ (119)
[0512/171302.886:INFO:CONSOLE(130)] "list: ", source: file:///C:/Users/onnov/Documents/AA_Sorted/Git/Spotify%20Playlist%20Duplicate%20Checker/Spot%20Dub%20Checker%20UI/bin/html/ (130)
[0512/171434.991:INFO:CONSOLE(119)] "list: ", source: file:///C:/Users/onnov/Documents/AA_Sorted/Git/Spotify%20Playlist%20Duplicate%20Checker/Spot%20Dub%20Checker%20UI/bin/html/ (119)
[0512/171443.060:INFO:CONSOLE(130)] "list: ", source: file:///C:/Users/onnov/Documents/AA_Sorted/Git/Spotify%20Playlist%20Duplicate%20Checker/Spot%20Dub%20Checker%20UI/bin/html/ (130)
[0512/171613.691:INFO:CONSOLE(130)] "list: ", source: file:///C:/Users/onnov/Documents/AA_Sorted/Git/Spotify%20Playlist%20Duplicate%20Checker/Spot%20Dub%20Checker%20UI/bin/html/ (130)
[0512/171648.956:INFO:CONSOLE(130)] "list: ", source: file:///C:/Users/onnov/Documents/AA_Sorted/Git/Spotify%20Playlist%20Duplicate%20Checker/Spot%20Dub%20Checker%20UI/bin/html/ (130)
[0512/172024.043:INFO:CONSOLE(120)] "list: ", source: file:///C:/Users/onnov/Documents/AA_Sorted/Git/Spotify%20Playlist%20Duplicate%20Checker/Spot%20Dub%20Checker%20UI/bin/html/ (120)
[0512/172033.779:INFO:CONSOLE(133)] "list: ", source: file:///C:/Users/onnov/Documents/AA_Sorted/Git/Spotify%20Playlist%20Duplicate%20Checker/Spot%20Dub%20Checker%20UI/bin/html/ (133)
[0512/172536.860:INFO:CONSOLE(124)] "list: ", source: file:///C:/Users/onnov/Documents/AA_Sorted/Git/Spotify%20Playlist%20Duplicate%20Checker/Spot%20Dub%20Checker%20UI/bin/html/ (124)
[0512/172546.357:INFO:CONSOLE(137)] "list: ", source: file:///C:/Users/onnov/Documents/AA_Sorted/Git/Spotify%20Playlist%20Duplicate%20Checker/Spot%20Dub%20Checker%20UI/bin/html/ (137)
[0512/172755.775:INFO:CONSOLE(137)] "list: ", source: file:///C:/Users/onnov/Documents/AA_Sorted/Git/Spotify%20Playlist%20Duplicate%20Checker/Spot%20Dub%20Checker%20UI/bin/html/ (137)
[0512/172915.957:INFO:CONSOLE(137)] "list: ", source: file:///C:/Users/onnov/Documents/AA_Sorted/Git/Spotify%20Playlist%20Duplicate%20Checker/Spot%20Dub%20Checker%20UI/bin/html/ (137)
[0512/172925.068:INFO:CONSOLE(137)] "list: ", source: file:///C:/Users/onnov/Documents/AA_Sorted/Git/Spotify%20Playlist%20Duplicate%20Checker/Spot%20Dub%20Checker%20UI/bin/html/ (137)
[0512/172927.724:INFO:CONSOLE(137)] "list: ", source: file:///C:/Users/onnov/Documents/AA_Sorted/Git/Spotify%20Playlist%20Duplicate%20Checker/Spot%20Dub%20Checker%20UI/bin/html/ (137)
[0512/172932.865:INFO:CONSOLE(137)] "list: ", source: file:///C:/Users/onnov/Documents/AA_Sorted/Git/Spotify%20Playlist%20Duplicate%20Checker/Spot%20Dub%20Checker%20UI/bin/html/ (137)
[0512/172935.693:INFO:CONSOLE(137)] "list: ", source: file:///C:/Users/onnov/Documents/AA_Sorted/Git/Spotify%20Playlist%20Duplicate%20Checker/Spot%20Dub%20Checker%20UI/bin/html/ (137)
[0512/172944.049:INFO:CONSOLE(137)] "list: ", source: file:///C:/Users/onnov/Documents/AA_Sorted/Git/Spotify%20Playlist%20Duplicate%20Checker/Spot%20Dub%20Checker%20UI/bin/html/ (137)
[0512/172946.504:INFO:CONSOLE(137)] "list: ", source: file:///C:/Users/onnov/Documents/AA_Sorted/Git/Spotify%20Playlist%20Duplicate%20Checker/Spot%20Dub%20Checker%20UI/bin/html/ (137)
[0512/172951.118:INFO:CONSOLE(137)] "list: ", source: file:///C:/Users/onnov/Documents/AA_Sorted/Git/Spotify%20Playlist%20Duplicate%20Checker/Spot%20Dub%20Checker%20UI/bin/html/ (137)
[0512/172953.159:INFO:CONSOLE(137)] "list: ", source: file:///C:/Users/onnov/Documents/AA_Sorted/Git/Spotify%20Playlist%20Duplicate%20Checker/Spot%20Dub%20Checker%20UI/bin/html/ (137)
[0512/172954.340:INFO:CONSOLE(137)] "list: ", source: file:///C:/Users/onnov/Documents/AA_Sorted/Git/Spotify%20Playlist%20Duplicate%20Checker/Spot%20Dub%20Checker%20UI/bin/html/ (137)
[0512/172959.915:INFO:CONSOLE(137)] "list: ", source: file:///C:/Users/onnov/Documents/AA_Sorted/Git/Spotify%20Playlist%20Duplicate%20Checker/Spot%20Dub%20Checker%20UI/bin/html/ (137)
[0512/173033.024:INFO:CONSOLE(137)] "list: ", source: file:///C:/Users/onnov/Documents/AA_Sorted/Git/Spotify%20Playlist%20Duplicate%20Checker/Spot%20Dub%20Checker%20UI/bin/html/ (137)
[0512/173039.947:INFO:CONSOLE(137)] "list: ", source: file:///C:/Users/onnov/Documents/AA_Sorted/Git/Spotify%20Playlist%20Duplicate%20Checker/Spot%20Dub%20Checker%20UI/bin/html/ (137)
[0512/173041.585:INFO:CONSOLE(137)] "list: ", source: file:///C:/Users/onnov/Documents/AA_Sorted/Git/Spotify%20Playlist%20Duplicate%20Checker/Spot%20Dub%20Checker%20UI/bin/html/ (137)
[0512/173104.446:INFO:CONSOLE(137)] "list: ", source: file:///C:/Users/onnov/Documents/AA_Sorted/Git/Spotify%20Playlist%20Duplicate%20Checker/Spot%20Dub%20Checker%20UI/bin/html/ (137)
[0512/173117.341:INFO:CONSOLE(137)] "list: ", source: file:///C:/Users/onnov/Documents/AA_Sorted/Git/Spotify%20Playlist%20Duplicate%20Checker/Spot%20Dub%20Checker%20UI/bin/html/ (137)
[0512/173119.050:INFO:CONSOLE(137)] "list: ", source: file:///C:/Users/onnov/Documents/AA_Sorted/Git/Spotify%20Playlist%20Duplicate%20Checker/Spot%20Dub%20Checker%20UI/bin/html/ (137)
[0512/173123.682:INFO:CONSOLE(137)] "list: ", source: file:///C:/Users/onnov/Documents/AA_Sorted/Git/Spotify%20Playlist%20Duplicate%20Checker/Spot%20Dub%20Checker%20UI/bin/html/ (137)
[0512/173140.946:INFO:CONSOLE(137)] "list: ", source: file:///C:/Users/onnov/Documents/AA_Sorted/Git/Spotify%20Playlist%20Duplicate%20Checker/Spot%20Dub%20Checker%20UI/bin/html/ (137)
[0512/175236.811:INFO:CONSOLE(149)] "list: ", source: file:///C:/Users/onnov/Documents/AA_Sorted/Git/Spotify%20Playlist%20Duplicate%20Checker/Spot%20Dub%20Checker%20UI/bin/html/ (149)
[0512/175241.407:INFO:CONSOLE(162)] "list: ", source: file:///C:/Users/onnov/Documents/AA_Sorted/Git/Spotify%20Playlist%20Duplicate%20Checker/Spot%20Dub%20Checker%20UI/bin/html/ (162)
[0512/175241.408:INFO:CONSOLE(183)] "Uncaught ReferenceError: duplicate is not defined", source: file:///C:/Users/onnov/Documents/AA_Sorted/Git/Spotify%20Playlist%20Duplicate%20Checker/Spot%20Dub%20Checker%20UI/bin/html/ (183)
[0512/175334.307:INFO:CONSOLE(149)] "list: ", source: file:///C:/Users/onnov/Documents/AA_Sorted/Git/Spotify%20Playlist%20Duplicate%20Checker/Spot%20Dub%20Checker%20UI/bin/html/ (149)
[0512/175340.853:INFO:CONSOLE(162)] "list: ", source: file:///C:/Users/onnov/Documents/AA_Sorted/Git/Spotify%20Playlist%20Duplicate%20Checker/Spot%20Dub%20Checker%20UI/bin/html/ (162)
[0512/175622.382:INFO:CONSOLE(150)] "list: ", source: file:///C:/Users/onnov/Documents/AA_Sorted/Git/Spotify%20Playlist%20Duplicate%20Checker/Spot%20Dub%20Checker%20UI/bin/html/ (150)
[0512/175628.868:INFO:CONSOLE(163)] "list: ", source: file:///C:/Users/onnov/Documents/AA_Sorted/Git/Spotify%20Playlist%20Duplicate%20Checker/Spot%20Dub%20Checker%20UI/bin/html/ (163)
[0512/175820.978:INFO:CONSOLE(150)] "list: ", source: file:///C:/Users/onnov/Documents/AA_Sorted/Git/Spotify%20Playlist%20Duplicate%20Checker/Spot%20Dub%20Checker%20UI/bin/html/ (150)
[0512/175827.101:INFO:CONSOLE(163)] "list: ", source: file:///C:/Users/onnov/Documents/AA_Sorted/Git/Spotify%20Playlist%20Duplicate%20Checker/Spot%20Dub%20Checker%20UI/bin/html/ (163)
[0512/175938.754:INFO:CONSOLE(150)] "list: ", source: file:///C:/Users/onnov/Documents/AA_Sorted/Git/Spotify%20Playlist%20Duplicate%20Checker/Spot%20Dub%20Checker%20UI/bin/html/ (150)
[0512/175945.418:INFO:CONSOLE(163)] "list: ", source: file:///C:/Users/onnov/Documents/AA_Sorted/Git/Spotify%20Playlist%20Duplicate%20Checker/Spot%20Dub%20Checker%20UI/bin/html/ (163)
